# JRE version: OpenJDK Runtime Environment (8.0_242-b01) (build 1.8.0_242-release-1644-b01)
# Java VM: OpenJDK 64-Bit Server VM (25.242-b01 mixed mode windows-amd64 compressed oops)
Heap:
 PSYoungGen      total 635392K, used 60728K [0x00000000d5580000, 0x0000000100000000, 0x0000000100000000)
  eden space 607232K, 7% used [0x00000000d5580000,0x00000000d8356c70,0x00000000fa680000)
  from space 28160K, 48% used [0x00000000fa680000,0x00000000fb3f7610,0x00000000fc200000)
  to   space 27136K, 0% used [0x00000000fe580000,0x00000000fe580000,0x0000000100000000)
 ParOldGen       total 94208K, used 56982K [0x0000000080000000, 0x0000000085c00000, 0x00000000d5580000)
  object space 94208K, 60% used [0x0000000080000000,0x00000000837a59a0,0x0000000085c00000)
 Metaspace       used 91364K, capacity 95814K, committed 95920K, reserved 1132544K
  class space    used 12082K, capacity 12894K, committed 12976K, reserved 1048576K
GC Heap History (10 events):
Event: 61.028 GC heap before
{Heap before GC invocations=14 (full 3):
 PSYoungGen      total 376832K, used 354304K [0x00000000d5580000, 0x00000000ee580000, 0x0000000100000000)
  eden space 354304K, 100% used [0x00000000d5580000,0x00000000eaf80000,0x00000000eaf80000)
  from space 22528K, 0% used [0x00000000ec680000,0x00000000ec680000,0x00000000edc80000)
  to   space 23552K, 0% used [0x00000000eaf80000,0x00000000eaf80000,0x00000000ec680000)
 ParOldGen       total 94208K, used 28761K [0x0000000080000000, 0x0000000085c00000, 0x00000000d5580000)
  object space 94208K, 30% used [0x0000000080000000,0x0000000081c167c0,0x0000000085c00000)
 Metaspace       used 71376K, capacity 74412K, committed 74544K, reserved 1114112K
  class space    used 9534K, capacity 10175K, committed 10288K, reserved 1048576K
Event: 61.123 GC heap after
Heap after GC invocations=14 (full 3):
 PSYoungGen      total 377856K, used 21858K [0x00000000d5580000, 0x00000000f6180000, 0x0000000100000000)
  eden space 354304K, 0% used [0x00000000d5580000,0x00000000d5580000,0x00000000eaf80000)
  from space 23552K, 92% used [0x00000000eaf80000,0x00000000ec4d8850,0x00000000ec680000)
  to   space 26624K, 0% used [0x00000000f4780000,0x00000000f4780000,0x00000000f6180000)
 ParOldGen       total 94208K, used 28777K [0x0000000080000000, 0x0000000085c00000, 0x00000000d5580000)
  object space 94208K, 30% used [0x0000000080000000,0x0000000081c1a7c0,0x0000000085c00000)
 Metaspace       used 71376K, capacity 74412K, committed 74544K, reserved 1114112K
  class space    used 9534K, capacity 10175K, committed 10288K, reserved 1048576K
}
Event: 80.021 GC heap before
{Heap before GC invocations=15 (full 3):
 PSYoungGen      total 377856K, used 376162K [0x00000000d5580000, 0x00000000f6180000, 0x0000000100000000)
  eden space 354304K, 100% used [0x00000000d5580000,0x00000000eaf80000,0x00000000eaf80000)
  from space 23552K, 92% used [0x00000000eaf80000,0x00000000ec4d8850,0x00000000ec680000)
  to   space 26624K, 0% used [0x00000000f4780000,0x00000000f4780000,0x00000000f6180000)
 ParOldGen       total 94208K, used 28777K [0x0000000080000000, 0x0000000085c00000, 0x00000000d5580000)
  object space 94208K, 30% used [0x0000000080000000,0x0000000081c1a7c0,0x0000000085c00000)
 Metaspace       used 82755K, capacity 86130K, committed 86192K, reserved 1124352K
  class space    used 11005K, capacity 11660K, committed 11696K, reserved 1048576K
Event: 80.137 GC heap after
Heap after GC invocations=15 (full 3):
 PSYoungGen      total 489472K, used 18000K [0x00000000d5580000, 0x00000000f5980000, 0x0000000100000000)
  eden space 471040K, 0% used [0x00000000d5580000,0x00000000d5580000,0x00000000f2180000)
  from space 18432K, 97% used [0x00000000f4780000,0x00000000f5914358,0x00000000f5980000)
  to   space 27136K, 0% used [0x00000000f2480000,0x00000000f2480000,0x00000000f3f00000)
 ParOldGen       total 94208K, used 42423K [0x0000000080000000, 0x0000000085c00000, 0x00000000d5580000)
  object space 94208K, 45% used [0x0000000080000000,0x000000008296df58,0x0000000085c00000)
 Metaspace       used 82755K, capacity 86130K, committed 86192K, reserved 1124352K
  class space    used 11005K, capacity 11660K, committed 11696K, reserved 1048576K
}
Event: 91.989 GC heap before
{Heap before GC invocations=16 (full 3):
 PSYoungGen      total 489472K, used 489040K [0x00000000d5580000, 0x00000000f5980000, 0x0000000100000000)
  eden space 471040K, 100% used [0x00000000d5580000,0x00000000f2180000,0x00000000f2180000)
  from space 18432K, 97% used [0x00000000f4780000,0x00000000f5914358,0x00000000f5980000)
  to   space 27136K, 0% used [0x00000000f2480000,0x00000000f2480000,0x00000000f3f00000)
 ParOldGen       total 94208K, used 42423K [0x0000000080000000, 0x0000000085c00000, 0x00000000d5580000)
  object space 94208K, 45% used [0x0000000080000000,0x000000008296df58,0x0000000085c00000)
 Metaspace       used 91000K, capacity 95346K, committed 95664K, reserved 1132544K
  class space    used 12074K, capacity 12888K, committed 12976K, reserved 1048576K
Event: 92.133 GC heap after
Heap after GC invocations=16 (full 3):
 PSYoungGen      total 501248K, used 17398K [0x00000000d5580000, 0x00000000fe380000, 0x0000000100000000)
  eden space 474112K, 0% used [0x00000000d5580000,0x00000000d5580000,0x00000000f2480000)
  from space 27136K, 64% used [0x00000000f2480000,0x00000000f357db40,0x00000000f3f00000)
  to   space 27648K, 0% used [0x00000000fc880000,0x00000000fc880000,0x00000000fe380000)
 ParOldGen       total 94208K, used 48102K [0x0000000080000000, 0x0000000085c00000, 0x00000000d5580000)
  object space 94208K, 51% used [0x0000000080000000,0x0000000082ef9bc8,0x0000000085c00000)
 Metaspace       used 91000K, capacity 95346K, committed 95664K, reserved 1132544K
  class space    used 12074K, capacity 12888K, committed 12976K, reserved 1048576K
}
Event: 97.436 GC heap before
{Heap before GC invocations=17 (full 3):
 PSYoungGen      total 501248K, used 491510K [0x00000000d5580000, 0x00000000fe380000, 0x0000000100000000)
  eden space 474112K, 100% used [0x00000000d5580000,0x00000000f2480000,0x00000000f2480000)
  from space 27136K, 64% used [0x00000000f2480000,0x00000000f357db40,0x00000000f3f00000)
  to   space 27648K, 0% used [0x00000000fc880000,0x00000000fc880000,0x00000000fe380000)
 ParOldGen       total 94208K, used 48102K [0x0000000080000000, 0x0000000085c00000, 0x00000000d5580000)
  object space 94208K, 51% used [0x0000000080000000,0x0000000082ef9bc8,0x0000000085c00000)
 Metaspace       used 91226K, capacity 95644K, committed 95920K, reserved 1132544K
  class space    used 12080K, capacity 12891K, committed 12976K, reserved 1048576K
Event: 97.495 GC heap after
Heap after GC invocations=17 (full 3):
 PSYoungGen      total 628736K, used 2351K [0x00000000d5580000, 0x00000000fdd80000, 0x0000000100000000)
  eden space 607232K, 0% used [0x00000000d5580000,0x00000000d5580000,0x00000000fa680000)
  from space 21504K, 10% used [0x00000000fc880000,0x00000000fcacbf88,0x00000000fdd80000)
  to   space 28160K, 0% used [0x00000000fa680000,0x00000000fa680000,0x00000000fc200000)
 ParOldGen       total 94208K, used 56974K [0x0000000080000000, 0x0000000085c00000, 0x00000000d5580000)
  object space 94208K, 60% used [0x0000000080000000,0x00000000837a39a0,0x0000000085c00000)
 Metaspace       used 91226K, capacity 95644K, committed 95920K, reserved 1132544K
  class space    used 12080K, capacity 12891K, committed 12976K, reserved 1048576K
}
Event: 103.869 GC heap before
{Heap before GC invocations=18 (full 3):
 PSYoungGen      total 628736K, used 609583K [0x00000000d5580000, 0x00000000fdd80000, 0x0000000100000000)
  eden space 607232K, 100% used [0x00000000d5580000,0x00000000fa680000,0x00000000fa680000)
  from space 21504K, 10% used [0x00000000fc880000,0x00000000fcacbf88,0x00000000fdd80000)
  to   space 28160K, 0% used [0x00000000fa680000,0x00000000fa680000,0x00000000fc200000)
 ParOldGen       total 94208K, used 56974K [0x0000000080000000, 0x0000000085c00000, 0x00000000d5580000)
  object space 94208K, 60% used [0x0000000080000000,0x00000000837a39a0,0x0000000085c00000)
 Metaspace       used 91362K, capacity 95814K, committed 95920K, reserved 1132544K
  class space    used 12082K, capacity 12894K, committed 12976K, reserved 1048576K
Event: 104.058 GC heap after
Heap after GC invocations=18 (full 3):
 PSYoungGen      total 635392K, used 13789K [0x00000000d5580000, 0x0000000100000000, 0x0000000100000000)
  eden space 607232K, 0% used [0x00000000d5580000,0x00000000d5580000,0x00000000fa680000)
  from space 28160K, 48% used [0x00000000fa680000,0x00000000fb3f7610,0x00000000fc200000)
  to   space 27136K, 0% used [0x00000000fe580000,0x00000000fe580000,0x0000000100000000)
 ParOldGen       total 94208K, used 56982K [0x0000000080000000, 0x0000000085c00000, 0x00000000d5580000)
  object space 94208K, 60% used [0x0000000080000000,0x00000000837a59a0,0x0000000085c00000)
 Metaspace       used 91362K, capacity 95814K, committed 95920K, reserved 1132544K
  class space    used 12082K, capacity 12894K, committed 12976K, reserved 1048576K
}

