# JRE version: OpenJDK Runtime Environment (8.0_242-b01) (build 1.8.0_242-release-1644-b01)
# Java VM: OpenJDK 64-Bit Server VM (25.242-b01 mixed mode windows-amd64 compressed oops)
Heap:
 PSYoungGen      total 306176K, used 46235K [0x00000000d5580000, 0x00000000eb200000, 0x0000000100000000)
  eden space 256000K, 1% used [0x00000000d5580000,0x00000000d580d808,0x00000000e4f80000)
  from space 50176K, 86% used [0x00000000e4f80000,0x00000000e7a195f0,0x00000000e8080000)
  to   space 43520K, 0% used [0x00000000e8080000,0x00000000e8080000,0x00000000eab00000)
 ParOldGen       total 123904K, used 79833K [0x0000000080000000, 0x0000000087900000, 0x00000000d5580000)
  object space 123904K, 64% used [0x0000000080000000,0x0000000084df6650,0x0000000087900000)
 Metaspace       used 87329K, capacity 91958K, committed 92200K, reserved 1128448K
  class space    used 11681K, capacity 12514K, committed 12592K, reserved 1048576K
GC Heap History (10 events):
Event: 21.046 GC heap before
{Heap before GC invocations=16 (full 3):
 PSYoungGen      total 195072K, used 176640K [0x00000000d5580000, 0x00000000e3a00000, 0x0000000100000000)
  eden space 176640K, 100% used [0x00000000d5580000,0x00000000e0200000,0x00000000e0200000)
  from space 18432K, 0% used [0x00000000e1480000,0x00000000e1480000,0x00000000e2680000)
  to   space 18944K, 0% used [0x00000000e0200000,0x00000000e0200000,0x00000000e1480000)
 ParOldGen       total 123904K, used 28837K [0x0000000080000000, 0x0000000087900000, 0x00000000d5580000)
  object space 123904K, 23% used [0x0000000080000000,0x0000000081c29590,0x0000000087900000)
 Metaspace       used 62844K, capacity 65622K, committed 65960K, reserved 1105920K
  class space    used 8704K, capacity 9292K, committed 9392K, reserved 1048576K
Event: 21.089 GC heap after
Heap after GC invocations=16 (full 3):
 PSYoungGen      total 195584K, used 14867K [0x00000000d5580000, 0x00000000e5480000, 0x0000000100000000)
  eden space 176640K, 0% used [0x00000000d5580000,0x00000000d5580000,0x00000000e0200000)
  from space 18944K, 78% used [0x00000000e0200000,0x00000000e1084da0,0x00000000e1480000)
  to   space 19968K, 0% used [0x00000000e4100000,0x00000000e4100000,0x00000000e5480000)
 ParOldGen       total 123904K, used 28845K [0x0000000080000000, 0x0000000087900000, 0x00000000d5580000)
  object space 123904K, 23% used [0x0000000080000000,0x0000000081c2b590,0x0000000087900000)
 Metaspace       used 62844K, capacity 65622K, committed 65960K, reserved 1105920K
  class space    used 8704K, capacity 9292K, committed 9392K, reserved 1048576K
}
Event: 310.697 GC heap before
{Heap before GC invocations=17 (full 3):
 PSYoungGen      total 195584K, used 191507K [0x00000000d5580000, 0x00000000e5480000, 0x0000000100000000)
  eden space 176640K, 100% used [0x00000000d5580000,0x00000000e0200000,0x00000000e0200000)
  from space 18944K, 78% used [0x00000000e0200000,0x00000000e1084da0,0x00000000e1480000)
  to   space 19968K, 0% used [0x00000000e4100000,0x00000000e4100000,0x00000000e5480000)
 ParOldGen       total 123904K, used 28845K [0x0000000080000000, 0x0000000087900000, 0x00000000d5580000)
  object space 123904K, 23% used [0x0000000080000000,0x0000000081c2b590,0x0000000087900000)
 Metaspace       used 70709K, capacity 73820K, committed 74152K, reserved 1114112K
  class space    used 9497K, capacity 10127K, committed 10160K, reserved 1048576K
Event: 310.769 GC heap after
Heap after GC invocations=17 (full 3):
 PSYoungGen      total 234496K, used 19951K [0x00000000d5580000, 0x00000000e5800000, 0x0000000100000000)
  eden space 214528K, 0% used [0x00000000d5580000,0x00000000d5580000,0x00000000e2700000)
  from space 19968K, 99% used [0x00000000e4100000,0x00000000e547be08,0x00000000e5480000)
  to   space 25088K, 0% used [0x00000000e2700000,0x00000000e2700000,0x00000000e3f80000)
 ParOldGen       total 123904K, used 34815K [0x0000000080000000, 0x0000000087900000, 0x00000000d5580000)
  object space 123904K, 28% used [0x0000000080000000,0x00000000821ffc50,0x0000000087900000)
 Metaspace       used 70709K, capacity 73820K, committed 74152K, reserved 1114112K
  class space    used 9497K, capacity 10127K, committed 10160K, reserved 1048576K
}
Event: 317.343 GC heap before
{Heap before GC invocations=18 (full 3):
 PSYoungGen      total 234496K, used 234479K [0x00000000d5580000, 0x00000000e5800000, 0x0000000100000000)
  eden space 214528K, 100% used [0x00000000d5580000,0x00000000e2700000,0x00000000e2700000)
  from space 19968K, 99% used [0x00000000e4100000,0x00000000e547be08,0x00000000e5480000)
  to   space 25088K, 0% used [0x00000000e2700000,0x00000000e2700000,0x00000000e3f80000)
 ParOldGen       total 123904K, used 34815K [0x0000000080000000, 0x0000000087900000, 0x00000000d5580000)
  object space 123904K, 28% used [0x0000000080000000,0x00000000821ffc50,0x0000000087900000)
 Metaspace       used 84554K, capacity 88526K, committed 88744K, reserved 1126400K
  class space    used 11441K, capacity 12198K, committed 12208K, reserved 1048576K
Event: 317.480 GC heap after
Heap after GC invocations=18 (full 3):
 PSYoungGen      total 239616K, used 25058K [0x00000000d5580000, 0x00000000eab00000, 0x0000000100000000)
  eden space 214528K, 0% used [0x00000000d5580000,0x00000000d5580000,0x00000000e2700000)
  from space 25088K, 99% used [0x00000000e2700000,0x00000000e3f78b68,0x00000000e3f80000)
  to   space 43520K, 0% used [0x00000000e8080000,0x00000000e8080000,0x00000000eab00000)
 ParOldGen       total 123904K, used 72988K [0x0000000080000000, 0x0000000087900000, 0x00000000d5580000)
  object space 123904K, 58% used [0x0000000080000000,0x0000000084747168,0x0000000087900000)
 Metaspace       used 84554K, capacity 88526K, committed 88744K, reserved 1126400K
  class space    used 11441K, capacity 12198K, committed 12208K, reserved 1048576K
}
Event: 362.860 GC heap before
{Heap before GC invocations=19 (full 3):
 PSYoungGen      total 239616K, used 239586K [0x00000000d5580000, 0x00000000eab00000, 0x0000000100000000)
  eden space 214528K, 100% used [0x00000000d5580000,0x00000000e2700000,0x00000000e2700000)
  from space 25088K, 99% used [0x00000000e2700000,0x00000000e3f78b68,0x00000000e3f80000)
  to   space 43520K, 0% used [0x00000000e8080000,0x00000000e8080000,0x00000000eab00000)
 ParOldGen       total 123904K, used 72988K [0x0000000080000000, 0x0000000087900000, 0x00000000d5580000)
  object space 123904K, 58% used [0x0000000080000000,0x0000000084747168,0x0000000087900000)
 Metaspace       used 86552K, capacity 90814K, committed 91048K, reserved 1128448K
  class space    used 11643K, capacity 12446K, committed 12464K, reserved 1048576K
Event: 363.050 GC heap after
Heap after GC invocations=19 (full 3):
 PSYoungGen      total 299520K, used 42587K [0x00000000d5580000, 0x00000000eb200000, 0x0000000100000000)
  eden space 256000K, 0% used [0x00000000d5580000,0x00000000d5580000,0x00000000e4f80000)
  from space 43520K, 97% used [0x00000000e8080000,0x00000000eaa16eb0,0x00000000eab00000)
  to   space 50176K, 0% used [0x00000000e4f80000,0x00000000e4f80000,0x00000000e8080000)
 ParOldGen       total 123904K, used 79825K [0x0000000080000000, 0x0000000087900000, 0x00000000d5580000)
  object space 123904K, 64% used [0x0000000080000000,0x0000000084df4650,0x0000000087900000)
 Metaspace       used 86552K, capacity 90814K, committed 91048K, reserved 1128448K
  class space    used 11643K, capacity 12446K, committed 12464K, reserved 1048576K
}
Event: 534.032 GC heap before
{Heap before GC invocations=20 (full 3):
 PSYoungGen      total 299520K, used 298587K [0x00000000d5580000, 0x00000000eb200000, 0x0000000100000000)
  eden space 256000K, 100% used [0x00000000d5580000,0x00000000e4f80000,0x00000000e4f80000)
  from space 43520K, 97% used [0x00000000e8080000,0x00000000eaa16eb0,0x00000000eab00000)
  to   space 50176K, 0% used [0x00000000e4f80000,0x00000000e4f80000,0x00000000e8080000)
 ParOldGen       total 123904K, used 79825K [0x0000000080000000, 0x0000000087900000, 0x00000000d5580000)
  object space 123904K, 64% used [0x0000000080000000,0x0000000084df4650,0x0000000087900000)
 Metaspace       used 87329K, capacity 91958K, committed 92200K, reserved 1128448K
  class space    used 11681K, capacity 12514K, committed 12592K, reserved 1048576K
Event: 534.240 GC heap after
Heap after GC invocations=20 (full 3):
 PSYoungGen      total 306176K, used 43621K [0x00000000d5580000, 0x00000000eb200000, 0x0000000100000000)
  eden space 256000K, 0% used [0x00000000d5580000,0x00000000d5580000,0x00000000e4f80000)
  from space 50176K, 86% used [0x00000000e4f80000,0x00000000e7a195f0,0x00000000e8080000)
  to   space 43520K, 0% used [0x00000000e8080000,0x00000000e8080000,0x00000000eab00000)
 ParOldGen       total 123904K, used 79833K [0x0000000080000000, 0x0000000087900000, 0x00000000d5580000)
  object space 123904K, 64% used [0x0000000080000000,0x0000000084df6650,0x0000000087900000)
 Metaspace       used 87329K, capacity 91958K, committed 92200K, reserved 1128448K
  class space    used 11681K, capacity 12514K, committed 12592K, reserved 1048576K
}

