# JRE version: OpenJDK Runtime Environment (8.0_242-b01) (build 1.8.0_242-release-1644-b01)
# Java VM: OpenJDK 64-Bit Server VM (25.242-b01 mixed mode windows-amd64 compressed oops)
Heap:
 PSYoungGen      total 311808K, used 138352K [0x00000000d5580000, 0x00000000ee900000, 0x0000000100000000)
  eden space 263168K, 34% used [0x00000000d5580000,0x00000000dad22718,0x00000000e5680000)
  from space 48640K, 99% used [0x00000000e9200000,0x00000000ec179a50,0x00000000ec180000)
  to   space 60928K, 0% used [0x00000000e5680000,0x00000000e5680000,0x00000000e9200000)
 ParOldGen       total 131072K, used 70803K [0x0000000080000000, 0x0000000088000000, 0x00000000d5580000)
  object space 131072K, 54% used [0x0000000080000000,0x0000000084524f80,0x0000000088000000)
 Metaspace       used 91749K, capacity 95970K, committed 96816K, reserved 1132544K
  class space    used 11958K, capacity 12812K, committed 13104K, reserved 1048576K
GC Heap History (10 events):
Event: 895.910 GC heap before
{Heap before GC invocations=20 (full 3):
 PSYoungGen      total 253440K, used 253409K [0x00000000d5580000, 0x00000000ea100000, 0x0000000100000000)
  eden space 226304K, 100% used [0x00000000d5580000,0x00000000e3280000,0x00000000e3280000)
  from space 27136K, 99% used [0x00000000e5d80000,0x00000000e77f8570,0x00000000e7800000)
  to   space 44032K, 0% used [0x00000000e3280000,0x00000000e3280000,0x00000000e5d80000)
 ParOldGen       total 131072K, used 85823K [0x0000000080000000, 0x0000000088000000, 0x00000000d5580000)
  object space 131072K, 65% used [0x0000000080000000,0x00000000853cfc08,0x0000000088000000)
 Metaspace       used 90562K, capacity 95292K, committed 95408K, reserved 1132544K
  class space    used 12021K, capacity 12949K, committed 12976K, reserved 1048576K
Event: 895.994 GC heap after
Heap after GC invocations=20 (full 3):
 PSYoungGen      total 270336K, used 15146K [0x00000000d5580000, 0x00000000e9f80000, 0x0000000100000000)
  eden space 226304K, 0% used [0x00000000d5580000,0x00000000d5580000,0x00000000e3280000)
  from space 44032K, 34% used [0x00000000e3280000,0x00000000e414ab98,0x00000000e5d80000)
  to   space 41472K, 0% used [0x00000000e7700000,0x00000000e7700000,0x00000000e9f80000)
 ParOldGen       total 131072K, used 93437K [0x0000000080000000, 0x0000000088000000, 0x00000000d5580000)
  object space 131072K, 71% used [0x0000000080000000,0x0000000085b3f598,0x0000000088000000)
 Metaspace       used 90562K, capacity 95292K, committed 95408K, reserved 1132544K
  class space    used 12021K, capacity 12949K, committed 12976K, reserved 1048576K
}
Event: 899.255 GC heap before
{Heap before GC invocations=21 (full 3):
 PSYoungGen      total 270336K, used 241450K [0x00000000d5580000, 0x00000000e9f80000, 0x0000000100000000)
  eden space 226304K, 100% used [0x00000000d5580000,0x00000000e3280000,0x00000000e3280000)
  from space 44032K, 34% used [0x00000000e3280000,0x00000000e414ab98,0x00000000e5d80000)
  to   space 41472K, 0% used [0x00000000e7700000,0x00000000e7700000,0x00000000e9f80000)
 ParOldGen       total 131072K, used 93437K [0x0000000080000000, 0x0000000088000000, 0x00000000d5580000)
  object space 131072K, 71% used [0x0000000080000000,0x0000000085b3f598,0x0000000088000000)
 Metaspace       used 91253K, capacity 95926K, committed 96176K, reserved 1132544K
  class space    used 12027K, capacity 12954K, committed 12976K, reserved 1048576K
Event: 899.344 GC heap after
Heap after GC invocations=21 (full 3):
 PSYoungGen      total 286720K, used 41465K [0x00000000d5580000, 0x00000000eb700000, 0x0000000100000000)
  eden space 245248K, 0% used [0x00000000d5580000,0x00000000d5580000,0x00000000e4500000)
  from space 41472K, 99% used [0x00000000e7700000,0x00000000e9f7e710,0x00000000e9f80000)
  to   space 51200K, 0% used [0x00000000e4500000,0x00000000e4500000,0x00000000e7700000)
 ParOldGen       total 131072K, used 101732K [0x0000000080000000, 0x0000000088000000, 0x00000000d5580000)
  object space 131072K, 77% used [0x0000000080000000,0x0000000086359128,0x0000000088000000)
 Metaspace       used 91253K, capacity 95926K, committed 96176K, reserved 1132544K
  class space    used 12027K, capacity 12954K, committed 12976K, reserved 1048576K
}
Event: 982.105 GC heap before
{Heap before GC invocations=22 (full 3):
 PSYoungGen      total 286720K, used 286713K [0x00000000d5580000, 0x00000000eb700000, 0x0000000100000000)
  eden space 245248K, 100% used [0x00000000d5580000,0x00000000e4500000,0x00000000e4500000)
  from space 41472K, 99% used [0x00000000e7700000,0x00000000e9f7e710,0x00000000e9f80000)
  to   space 51200K, 0% used [0x00000000e4500000,0x00000000e4500000,0x00000000e7700000)
 ParOldGen       total 131072K, used 101732K [0x0000000080000000, 0x0000000088000000, 0x00000000d5580000)
  object space 131072K, 77% used [0x0000000080000000,0x0000000086359128,0x0000000088000000)
 Metaspace       used 91754K, capacity 96436K, committed 96560K, reserved 1132544K
  class space    used 12047K, capacity 12985K, committed 13104K, reserved 1048576K
Event: 982.198 GC heap after
Heap after GC invocations=22 (full 3):
 PSYoungGen      total 296448K, used 17800K [0x00000000d5580000, 0x00000000ec180000, 0x0000000100000000)
  eden space 245248K, 0% used [0x00000000d5580000,0x00000000d5580000,0x00000000e4500000)
  from space 51200K, 34% used [0x00000000e4500000,0x00000000e56620e8,0x00000000e7700000)
  to   space 48640K, 0% used [0x00000000e9200000,0x00000000e9200000,0x00000000ec180000)
 ParOldGen       total 131072K, used 117445K [0x0000000080000000, 0x0000000088000000, 0x00000000d5580000)
  object space 131072K, 89% used [0x0000000080000000,0x00000000872b16b0,0x0000000088000000)
 Metaspace       used 91754K, capacity 96436K, committed 96560K, reserved 1132544K
  class space    used 12047K, capacity 12985K, committed 13104K, reserved 1048576K
}
Event: 982.198 GC heap before
{Heap before GC invocations=23 (full 4):
 PSYoungGen      total 296448K, used 17800K [0x00000000d5580000, 0x00000000ec180000, 0x0000000100000000)
  eden space 245248K, 0% used [0x00000000d5580000,0x00000000d5580000,0x00000000e4500000)
  from space 51200K, 34% used [0x00000000e4500000,0x00000000e56620e8,0x00000000e7700000)
  to   space 48640K, 0% used [0x00000000e9200000,0x00000000e9200000,0x00000000ec180000)
 ParOldGen       total 131072K, used 117445K [0x0000000080000000, 0x0000000088000000, 0x00000000d5580000)
  object space 131072K, 89% used [0x0000000080000000,0x00000000872b16b0,0x0000000088000000)
 Metaspace       used 91754K, capacity 96436K, committed 96560K, reserved 1132544K
  class space    used 12047K, capacity 12985K, committed 13104K, reserved 1048576K
Event: 982.477 GC heap after
Heap after GC invocations=23 (full 4):
 PSYoungGen      total 296448K, used 0K [0x00000000d5580000, 0x00000000ec180000, 0x0000000100000000)
  eden space 245248K, 0% used [0x00000000d5580000,0x00000000d5580000,0x00000000e4500000)
  from space 51200K, 0% used [0x00000000e4500000,0x00000000e4500000,0x00000000e7700000)
  to   space 48640K, 0% used [0x00000000e9200000,0x00000000e9200000,0x00000000ec180000)
 ParOldGen       total 131072K, used 58742K [0x0000000080000000, 0x0000000088000000, 0x00000000d5580000)
  object space 131072K, 44% used [0x0000000080000000,0x000000008395da68,0x0000000088000000)
 Metaspace       used 91383K, capacity 95412K, committed 96560K, reserved 1132544K
  class space    used 11921K, capacity 12763K, committed 13104K, reserved 1048576K
}
Event: 985.238 GC heap before
{Heap before GC invocations=24 (full 4):
 PSYoungGen      total 296448K, used 245248K [0x00000000d5580000, 0x00000000ec180000, 0x0000000100000000)
  eden space 245248K, 100% used [0x00000000d5580000,0x00000000e4500000,0x00000000e4500000)
  from space 51200K, 0% used [0x00000000e4500000,0x00000000e4500000,0x00000000e7700000)
  to   space 48640K, 0% used [0x00000000e9200000,0x00000000e9200000,0x00000000ec180000)
 ParOldGen       total 131072K, used 58742K [0x0000000080000000, 0x0000000088000000, 0x00000000d5580000)
  object space 131072K, 44% used [0x0000000080000000,0x000000008395da68,0x0000000088000000)
 Metaspace       used 91623K, capacity 95892K, committed 96816K, reserved 1132544K
  class space    used 11941K, capacity 12799K, committed 13104K, reserved 1048576K
Event: 985.355 GC heap after
Heap after GC invocations=24 (full 4):
 PSYoungGen      total 311808K, used 48614K [0x00000000d5580000, 0x00000000ee900000, 0x0000000100000000)
  eden space 263168K, 0% used [0x00000000d5580000,0x00000000d5580000,0x00000000e5680000)
  from space 48640K, 99% used [0x00000000e9200000,0x00000000ec179a50,0x00000000ec180000)
  to   space 60928K, 0% used [0x00000000e5680000,0x00000000e5680000,0x00000000e9200000)
 ParOldGen       total 131072K, used 70803K [0x0000000080000000, 0x0000000088000000, 0x00000000d5580000)
  object space 131072K, 54% used [0x0000000080000000,0x0000000084524f80,0x0000000088000000)
 Metaspace       used 91623K, capacity 95892K, committed 96816K, reserved 1132544K
  class space    used 11941K, capacity 12799K, committed 13104K, reserved 1048576K
}

