# JRE version: OpenJDK Runtime Environment (8.0_242-b01) (build 1.8.0_242-release-1644-b01)
# Java VM: OpenJDK 64-Bit Server VM (25.242-b01 mixed mode windows-amd64 compressed oops)
Heap:
 PSYoungGen      total 181760K, used 146168K [0x00000000d5580000, 0x00000000e5b00000, 0x0000000100000000)
  eden space 148480K, 98% used [0x00000000d5580000,0x00000000de43e378,0x00000000de680000)
  from space 33280K, 0% used [0x00000000de680000,0x00000000de680000,0x00000000e0700000)
  to   space 35840K, 0% used [0x00000000e3800000,0x00000000e3800000,0x00000000e5b00000)
 ParOldGen       total 159744K, used 60501K [0x0000000080000000, 0x0000000089c00000, 0x00000000d5580000)
  object space 159744K, 37% used [0x0000000080000000,0x0000000083b156a0,0x0000000089c00000)
 Metaspace       used 99205K, capacity 103836K, committed 104232K, reserved 1138688K
  class space    used 13057K, capacity 14012K, committed 14128K, reserved 1048576K
GC Heap History (10 events):
Event: 4826.804 GC heap before
{Heap before GC invocations=23 (full 3):
 PSYoungGen      total 180736K, used 180399K [0x00000000d5580000, 0x00000000e2680000, 0x0000000100000000)
  eden space 163840K, 99% used [0x00000000d5580000,0x00000000df57fcd0,0x00000000df580000)
  from space 16896K, 98% used [0x00000000dfb00000,0x00000000e0b2c1d0,0x00000000e0b80000)
  to   space 25088K, 0% used [0x00000000e0e00000,0x00000000e0e00000,0x00000000e2680000)
 ParOldGen       total 117248K, used 46847K [0x0000000080000000, 0x0000000087280000, 0x00000000d5580000)
  object space 117248K, 39% used [0x0000000080000000,0x0000000082dbfdb8,0x0000000087280000)
 Metaspace       used 83476K, capacity 87508K, committed 87728K, reserved 1124352K
  class space    used 11099K, capacity 11916K, committed 11952K, reserved 1048576K
Event: 4826.842 GC heap after
Heap after GC invocations=23 (full 3):
 PSYoungGen      total 179712K, used 15892K [0x00000000d5580000, 0x00000000e2280000, 0x0000000100000000)
  eden space 158720K, 0% used [0x00000000d5580000,0x00000000d5580000,0x00000000df080000)
  from space 20992K, 75% used [0x00000000e0e00000,0x00000000e1d851b8,0x00000000e2280000)
  to   space 25600K, 0% used [0x00000000df080000,0x00000000df080000,0x00000000e0980000)
 ParOldGen       total 117248K, used 46855K [0x0000000080000000, 0x0000000087280000, 0x00000000d5580000)
  object space 117248K, 39% used [0x0000000080000000,0x0000000082dc1db8,0x0000000087280000)
 Metaspace       used 83476K, capacity 87508K, committed 87728K, reserved 1124352K
  class space    used 11099K, capacity 11916K, committed 11952K, reserved 1048576K
}
Event: 4845.943 GC heap before
{Heap before GC invocations=24 (full 3):
 PSYoungGen      total 179712K, used 174612K [0x00000000d5580000, 0x00000000e2280000, 0x0000000100000000)
  eden space 158720K, 100% used [0x00000000d5580000,0x00000000df080000,0x00000000df080000)
  from space 20992K, 75% used [0x00000000e0e00000,0x00000000e1d851b8,0x00000000e2280000)
  to   space 25600K, 0% used [0x00000000df080000,0x00000000df080000,0x00000000e0980000)
 ParOldGen       total 117248K, used 46855K [0x0000000080000000, 0x0000000087280000, 0x00000000d5580000)
  object space 117248K, 39% used [0x0000000080000000,0x0000000082dc1db8,0x0000000087280000)
 Metaspace       used 84444K, capacity 88488K, committed 88624K, reserved 1126400K
  class space    used 11190K, capacity 12016K, committed 12080K, reserved 1048576K
Event: 4845.974 GC heap after
Heap after GC invocations=24 (full 3):
 PSYoungGen      total 175104K, used 21434K [0x00000000d5580000, 0x00000000e2280000, 0x0000000100000000)
  eden space 153600K, 0% used [0x00000000d5580000,0x00000000d5580000,0x00000000deb80000)
  from space 21504K, 99% used [0x00000000df080000,0x00000000e056eb30,0x00000000e0580000)
  to   space 28160K, 0% used [0x00000000e0700000,0x00000000e0700000,0x00000000e2280000)
 ParOldGen       total 117248K, used 46863K [0x0000000080000000, 0x0000000087280000, 0x00000000d5580000)
  object space 117248K, 39% used [0x0000000080000000,0x0000000082dc3db8,0x0000000087280000)
 Metaspace       used 84444K, capacity 88488K, committed 88624K, reserved 1126400K
  class space    used 11190K, capacity 12016K, committed 12080K, reserved 1048576K
}
Event: 4858.103 GC heap before
{Heap before GC invocations=25 (full 3):
 PSYoungGen      total 175104K, used 175006K [0x00000000d5580000, 0x00000000e2280000, 0x0000000100000000)
  eden space 153600K, 99% used [0x00000000d5580000,0x00000000deb78fc0,0x00000000deb80000)
  from space 21504K, 99% used [0x00000000df080000,0x00000000e056eb30,0x00000000e0580000)
  to   space 28160K, 0% used [0x00000000e0700000,0x00000000e0700000,0x00000000e2280000)
 ParOldGen       total 117248K, used 46863K [0x0000000080000000, 0x0000000087280000, 0x00000000d5580000)
  object space 117248K, 39% used [0x0000000080000000,0x0000000082dc3db8,0x0000000087280000)
 Metaspace       used 92654K, capacity 96952K, committed 97072K, reserved 1132544K
  class space    used 12188K, capacity 13102K, committed 13104K, reserved 1048576K
Event: 4858.189 GC heap after
Heap after GC invocations=25 (full 3):
 PSYoungGen      total 176640K, used 28153K [0x00000000d5580000, 0x00000000e2800000, 0x0000000100000000)
  eden space 148480K, 0% used [0x00000000d5580000,0x00000000d5580000,0x00000000de680000)
  from space 28160K, 99% used [0x00000000e0700000,0x00000000e227e588,0x00000000e2280000)
  to   space 33280K, 0% used [0x00000000de680000,0x00000000de680000,0x00000000e0700000)
 ParOldGen       total 117248K, used 49493K [0x0000000080000000, 0x0000000087280000, 0x00000000d5580000)
  object space 117248K, 42% used [0x0000000080000000,0x0000000083055648,0x0000000087280000)
 Metaspace       used 92654K, capacity 96952K, committed 97072K, reserved 1132544K
  class space    used 12188K, capacity 13102K, committed 13104K, reserved 1048576K
}
Event: 4858.757 GC heap before
{Heap before GC invocations=26 (full 3):
 PSYoungGen      total 176640K, used 52703K [0x00000000d5580000, 0x00000000e2800000, 0x0000000100000000)
  eden space 148480K, 16% used [0x00000000d5580000,0x00000000d6d79908,0x00000000de680000)
  from space 28160K, 99% used [0x00000000e0700000,0x00000000e227e588,0x00000000e2280000)
  to   space 33280K, 0% used [0x00000000de680000,0x00000000de680000,0x00000000e0700000)
 ParOldGen       total 117248K, used 49493K [0x0000000080000000, 0x0000000087280000, 0x00000000d5580000)
  object space 117248K, 42% used [0x0000000080000000,0x0000000083055648,0x0000000087280000)
 Metaspace       used 94156K, capacity 98550K, committed 98600K, reserved 1134592K
  class space    used 12404K, capacity 13341K, committed 13360K, reserved 1048576K
Event: 4858.884 GC heap after
Heap after GC invocations=26 (full 3):
 PSYoungGen      total 181760K, used 25879K [0x00000000d5580000, 0x00000000e5b00000, 0x0000000100000000)
  eden space 148480K, 0% used [0x00000000d5580000,0x00000000d5580000,0x00000000de680000)
  from space 33280K, 77% used [0x00000000de680000,0x00000000dffc5c58,0x00000000e0700000)
  to   space 35840K, 0% used [0x00000000e3800000,0x00000000e3800000,0x00000000e5b00000)
 ParOldGen       total 117248K, used 55549K [0x0000000080000000, 0x0000000087280000, 0x00000000d5580000)
  object space 117248K, 47% used [0x0000000080000000,0x000000008363f5d8,0x0000000087280000)
 Metaspace       used 94156K, capacity 98550K, committed 98600K, reserved 1134592K
  class space    used 12404K, capacity 13341K, committed 13360K, reserved 1048576K
}
Event: 4858.884 GC heap before
{Heap before GC invocations=27 (full 4):
 PSYoungGen      total 181760K, used 25879K [0x00000000d5580000, 0x00000000e5b00000, 0x0000000100000000)
  eden space 148480K, 0% used [0x00000000d5580000,0x00000000d5580000,0x00000000de680000)
  from space 33280K, 77% used [0x00000000de680000,0x00000000dffc5c58,0x00000000e0700000)
  to   space 35840K, 0% used [0x00000000e3800000,0x00000000e3800000,0x00000000e5b00000)
 ParOldGen       total 117248K, used 55549K [0x0000000080000000, 0x0000000087280000, 0x00000000d5580000)
  object space 117248K, 47% used [0x0000000080000000,0x000000008363f5d8,0x0000000087280000)
 Metaspace       used 94156K, capacity 98550K, committed 98600K, reserved 1134592K
  class space    used 12404K, capacity 13341K, committed 13360K, reserved 1048576K
Event: 4859.687 GC heap after
Heap after GC invocations=27 (full 4):
 PSYoungGen      total 181760K, used 0K [0x00000000d5580000, 0x00000000e5b00000, 0x0000000100000000)
  eden space 148480K, 0% used [0x00000000d5580000,0x00000000d5580000,0x00000000de680000)
  from space 33280K, 0% used [0x00000000de680000,0x00000000de680000,0x00000000e0700000)
  to   space 35840K, 0% used [0x00000000e3800000,0x00000000e3800000,0x00000000e5b00000)
 ParOldGen       total 159744K, used 60501K [0x0000000080000000, 0x0000000089c00000, 0x00000000d5580000)
  object space 159744K, 37% used [0x0000000080000000,0x0000000083b156a0,0x0000000089c00000)
 Metaspace       used 93568K, capacity 97314K, committed 98600K, reserved 1134592K
  class space    used 12266K, capacity 13091K, committed 13360K, reserved 1048576K
}

