# JRE version: OpenJDK Runtime Environment (8.0_242-b01) (build 1.8.0_242-release-1644-b01)
# Java VM: OpenJDK 64-Bit Server VM (25.242-b01 mixed mode windows-amd64 compressed oops)
Heap:
 PSYoungGen      total 244736K, used 58397K [0x00000000d5580000, 0x00000000e8e00000, 0x0000000100000000)
  eden space 215552K, 15% used [0x00000000d5580000,0x00000000d75c0be8,0x00000000e2800000)
  from space 29184K, 86% used [0x00000000e2800000,0x00000000e40c68d8,0x00000000e4480000)
  to   space 32256K, 0% used [0x00000000e6e80000,0x00000000e6e80000,0x00000000e8e00000)
 ParOldGen       total 131584K, used 60884K [0x0000000080000000, 0x0000000088080000, 0x00000000d5580000)
  object space 131584K, 46% used [0x0000000080000000,0x0000000083b751f8,0x0000000088080000)
 Metaspace       used 77091K, capacity 80688K, committed 80944K, reserved 1118208K
  class space    used 10529K, capacity 11271K, committed 11312K, reserved 1048576K
GC Heap History (10 events):
Event: 10.083 GC heap before
{Heap before GC invocations=10 (full 2):
 PSYoungGen      total 141824K, used 128000K [0x00000000d5580000, 0x00000000e3a00000, 0x0000000100000000)
  eden space 128000K, 100% used [0x00000000d5580000,0x00000000dd280000,0x00000000dd280000)
  from space 13824K, 0% used [0x00000000dd280000,0x00000000dd280000,0x00000000de000000)
  to   space 14848K, 0% used [0x00000000e2b80000,0x00000000e2b80000,0x00000000e3a00000)
 ParOldGen       total 87552K, used 18081K [0x0000000080000000, 0x0000000085580000, 0x00000000d5580000)
  object space 87552K, 20% used [0x0000000080000000,0x00000000811a84b8,0x0000000085580000)
 Metaspace       used 45291K, capacity 46692K, committed 47024K, reserved 1089536K
  class space    used 6117K, capacity 6480K, committed 6576K, reserved 1048576K
Event: 10.109 GC heap after
Heap after GC invocations=10 (full 2):
 PSYoungGen      total 195584K, used 14831K [0x00000000d5580000, 0x00000000e3a00000, 0x0000000100000000)
  eden space 180736K, 0% used [0x00000000d5580000,0x00000000d5580000,0x00000000e0600000)
  from space 14848K, 99% used [0x00000000e2b80000,0x00000000e39fbdf8,0x00000000e3a00000)
  to   space 17408K, 0% used [0x00000000e1800000,0x00000000e1800000,0x00000000e2900000)
 ParOldGen       total 87552K, used 18424K [0x0000000080000000, 0x0000000085580000, 0x00000000d5580000)
  object space 87552K, 21% used [0x0000000080000000,0x00000000811fe220,0x0000000085580000)
 Metaspace       used 45291K, capacity 46692K, committed 47024K, reserved 1089536K
  class space    used 6117K, capacity 6480K, committed 6576K, reserved 1048576K
}
Event: 12.751 GC heap before
{Heap before GC invocations=11 (full 2):
 PSYoungGen      total 195584K, used 154119K [0x00000000d5580000, 0x00000000e3a00000, 0x0000000100000000)
  eden space 180736K, 77% used [0x00000000d5580000,0x00000000ddd86068,0x00000000e0600000)
  from space 14848K, 99% used [0x00000000e2b80000,0x00000000e39fbdf8,0x00000000e3a00000)
  to   space 17408K, 0% used [0x00000000e1800000,0x00000000e1800000,0x00000000e2900000)
 ParOldGen       total 87552K, used 18424K [0x0000000080000000, 0x0000000085580000, 0x00000000d5580000)
  object space 87552K, 21% used [0x0000000080000000,0x00000000811fe220,0x0000000085580000)
 Metaspace       used 57081K, capacity 59016K, committed 59160K, reserved 1099776K
  class space    used 7828K, capacity 8279K, committed 8368K, reserved 1048576K
Event: 12.791 GC heap after
Heap after GC invocations=11 (full 2):
 PSYoungGen      total 216576K, used 17407K [0x00000000d5580000, 0x00000000e5a80000, 0x0000000100000000)
  eden space 199168K, 0% used [0x00000000d5580000,0x00000000d5580000,0x00000000e1800000)
  from space 17408K, 99% used [0x00000000e1800000,0x00000000e28fffe0,0x00000000e2900000)
  to   space 22528K, 0% used [0x00000000e4480000,0x00000000e4480000,0x00000000e5a80000)
 ParOldGen       total 87552K, used 25014K [0x0000000080000000, 0x0000000085580000, 0x00000000d5580000)
  object space 87552K, 28% used [0x0000000080000000,0x000000008186d9c0,0x0000000085580000)
 Metaspace       used 57081K, capacity 59016K, committed 59160K, reserved 1099776K
  class space    used 7828K, capacity 8279K, committed 8368K, reserved 1048576K
}
Event: 12.791 GC heap before
{Heap before GC invocations=12 (full 3):
 PSYoungGen      total 216576K, used 17407K [0x00000000d5580000, 0x00000000e5a80000, 0x0000000100000000)
  eden space 199168K, 0% used [0x00000000d5580000,0x00000000d5580000,0x00000000e1800000)
  from space 17408K, 99% used [0x00000000e1800000,0x00000000e28fffe0,0x00000000e2900000)
  to   space 22528K, 0% used [0x00000000e4480000,0x00000000e4480000,0x00000000e5a80000)
 ParOldGen       total 87552K, used 25014K [0x0000000080000000, 0x0000000085580000, 0x00000000d5580000)
  object space 87552K, 28% used [0x0000000080000000,0x000000008186d9c0,0x0000000085580000)
 Metaspace       used 57081K, capacity 59016K, committed 59160K, reserved 1099776K
  class space    used 7828K, capacity 8279K, committed 8368K, reserved 1048576K
Event: 13.104 GC heap after
Heap after GC invocations=12 (full 3):
 PSYoungGen      total 216576K, used 0K [0x00000000d5580000, 0x00000000e5a80000, 0x0000000100000000)
  eden space 199168K, 0% used [0x00000000d5580000,0x00000000d5580000,0x00000000e1800000)
  from space 17408K, 0% used [0x00000000e1800000,0x00000000e1800000,0x00000000e2900000)
  to   space 22528K, 0% used [0x00000000e4480000,0x00000000e4480000,0x00000000e5a80000)
 ParOldGen       total 131584K, used 35759K [0x0000000080000000, 0x0000000088080000, 0x00000000d5580000)
  object space 131584K, 27% used [0x0000000080000000,0x00000000822ebd38,0x0000000088080000)
 Metaspace       used 57076K, capacity 58998K, committed 59160K, reserved 1099776K
  class space    used 7826K, capacity 8276K, committed 8368K, reserved 1048576K
}
Event: 18.104 GC heap before
{Heap before GC invocations=13 (full 3):
 PSYoungGen      total 216576K, used 199168K [0x00000000d5580000, 0x00000000e5a80000, 0x0000000100000000)
  eden space 199168K, 100% used [0x00000000d5580000,0x00000000e1800000,0x00000000e1800000)
  from space 17408K, 0% used [0x00000000e1800000,0x00000000e1800000,0x00000000e2900000)
  to   space 22528K, 0% used [0x00000000e4480000,0x00000000e4480000,0x00000000e5a80000)
 ParOldGen       total 131584K, used 35759K [0x0000000080000000, 0x0000000088080000, 0x00000000d5580000)
  object space 131584K, 27% used [0x0000000080000000,0x00000000822ebd38,0x0000000088080000)
 Metaspace       used 65386K, capacity 68238K, committed 68400K, reserved 1107968K
  class space    used 9104K, capacity 9686K, committed 9776K, reserved 1048576K
Event: 18.161 GC heap after
Heap after GC invocations=13 (full 3):
 PSYoungGen      total 238080K, used 22500K [0x00000000d5580000, 0x00000000e7600000, 0x0000000100000000)
  eden space 215552K, 0% used [0x00000000d5580000,0x00000000d5580000,0x00000000e2800000)
  from space 22528K, 99% used [0x00000000e4480000,0x00000000e5a793e0,0x00000000e5a80000)
  to   space 29184K, 0% used [0x00000000e2800000,0x00000000e2800000,0x00000000e4480000)
 ParOldGen       total 131584K, used 44823K [0x0000000080000000, 0x0000000088080000, 0x00000000d5580000)
  object space 131584K, 34% used [0x0000000080000000,0x0000000082bc5f58,0x0000000088080000)
 Metaspace       used 65386K, capacity 68238K, committed 68400K, reserved 1107968K
  class space    used 9104K, capacity 9686K, committed 9776K, reserved 1048576K
}
Event: 22.086 GC heap before
{Heap before GC invocations=14 (full 3):
 PSYoungGen      total 238080K, used 238052K [0x00000000d5580000, 0x00000000e7600000, 0x0000000100000000)
  eden space 215552K, 100% used [0x00000000d5580000,0x00000000e2800000,0x00000000e2800000)
  from space 22528K, 99% used [0x00000000e4480000,0x00000000e5a793e0,0x00000000e5a80000)
  to   space 29184K, 0% used [0x00000000e2800000,0x00000000e2800000,0x00000000e4480000)
 ParOldGen       total 131584K, used 44823K [0x0000000080000000, 0x0000000088080000, 0x00000000d5580000)
  object space 131584K, 34% used [0x0000000080000000,0x0000000082bc5f58,0x0000000088080000)
 Metaspace       used 74441K, capacity 77960K, committed 78256K, reserved 1116160K
  class space    used 10372K, capacity 11099K, committed 11184K, reserved 1048576K
Event: 22.154 GC heap after
Heap after GC invocations=14 (full 3):
 PSYoungGen      total 244736K, used 25370K [0x00000000d5580000, 0x00000000e8e00000, 0x0000000100000000)
  eden space 215552K, 0% used [0x00000000d5580000,0x00000000d5580000,0x00000000e2800000)
  from space 29184K, 86% used [0x00000000e2800000,0x00000000e40c68d8,0x00000000e4480000)
  to   space 32256K, 0% used [0x00000000e6e80000,0x00000000e6e80000,0x00000000e8e00000)
 ParOldGen       total 131584K, used 60884K [0x0000000080000000, 0x0000000088080000, 0x00000000d5580000)
  object space 131584K, 46% used [0x0000000080000000,0x0000000083b751f8,0x0000000088080000)
 Metaspace       used 74441K, capacity 77960K, committed 78256K, reserved 1116160K
  class space    used 10372K, capacity 11099K, committed 11184K, reserved 1048576K
}

